[2013-06-16 18:25:29] START
[2013-06-16 18:25:44] CREATE db_reddit.py: 0
[2013-06-16 18:28:01] EDIT reddit_clone/models/db_reddit.py: 3
[2013-06-16 18:28:27] EDIT reddit_clone/models/db_reddit.py: 0
[2013-06-16 18:29:13] EDIT reddit_clone/models/db_reddit.py: 0
[2013-06-16 18:29:23] EDIT reddit_clone/models/db_reddit.py: 0
[2013-06-16 18:30:01] EDIT reddit_clone/models/db_reddit.py: 0
[2013-06-16 18:41:01] EDIT reddit_clone/models/db_reddit.py: 8
[2013-06-16 18:44:03] EDIT reddit_clone/models/db_reddit.py: 0
[2013-06-16 18:44:57] EDIT reddit_clone/models/db_reddit.py: 0
[2013-06-16 18:45:19] EDIT reddit_clone/models/db_reddit.py: 1
[2013-06-16 18:45:23] EDIT reddit_clone/models/db_reddit.py: 0
[2013-06-16 18:45:28] EDIT reddit_clone/models/db_reddit.py: 0
[2013-06-16 18:51:19] EDIT reddit_clone/models/db_reddit.py: 6
[2013-06-16 18:52:36] EDIT reddit_clone/models/db_reddit.py: 6
[2013-06-16 18:52:38] EDIT reddit_clone/models/db_reddit.py: 0
[2013-06-16 18:56:15] EDIT reddit_clone/controllers/default.py: -7
[2013-06-16 18:56:54] EDIT reddit_clone/controllers/default.py: 2
[2013-06-16 18:58:04] EDIT reddit_clone/controllers/default.py: 1
[2013-06-16 19:09:45] EDIT reddit_clone/controllers/default.py: 2
[2013-06-16 19:31:57] EDIT reddit_clone/controllers/default.py: 2
[2013-06-16 19:35:33] EDIT reddit_clone/controllers/default.py: 0
[2013-06-16 19:40:54] EDIT reddit_clone/controllers/default.py: 8
[2013-06-16 19:41:47] EDIT reddit_clone/controllers/default.py: 1
[2013-06-16 19:56:27] EDIT reddit_clone/controllers/default.py: 0
[2013-06-16 19:56:56] CREATE default/categories.html: 0
[2013-06-16 19:57:32] EDIT reddit_clone/views/default/categories.html: 34
[2013-06-16 20:01:48] EDIT reddit_clone/controllers/default.py: -2
[2013-06-16 20:02:12] EDIT reddit_clone/controllers/default.py: 0
[2013-06-16 20:02:24] EDIT reddit_clone/controllers/default.py: 0
[2013-06-16 20:04:08] EDIT reddit_clone/controllers/default.py: 0
[2013-06-16 20:14:55] EDIT reddit_clone/models/db_reddit.py: -2
[2013-06-16 20:22:15] EDIT reddit_clone/controllers/default.py: 0
[2013-06-16 20:22:19] EDIT reddit_clone/models/db_reddit.py: 0
[2013-06-16 20:25:15] EDIT reddit_clone/models/db_reddit.py: 0
[2013-06-16 20:25:56] EDIT reddit_clone/controllers/default.py: 0
[2013-06-16 20:29:37] EDIT reddit_clone/models/db_reddit.py: 0
[2013-06-16 20:30:17] EDIT reddit_clone/controllers/default.py: 0
[2013-06-16 20:44:23] EDIT reddit_clone/models/db_reddit.py: 0
[2013-06-16 20:45:01] EDIT reddit_clone/controllers/default.py: 0
[2013-06-16 20:49:43] EDIT reddit_clone/views/default/categories.html: -21
[2013-06-16 20:50:25] CREATE default/news.html: 0
[2013-06-16 20:50:29] EDIT reddit_clone/views/default/news.html: 17
[2013-06-16 20:52:34] CREATE default/category_create.html: 0
[2013-06-16 20:52:58] CREATE default/news_create.html: 0
[2013-06-16 20:53:18] CREATE default/category_edit.html: 0
[2013-06-16 20:54:00] CREATE default/news_comments.html: 0
[2013-06-16 20:55:06] EDIT reddit_clone/views/default/news_comments.html: 29
[2013-06-16 20:56:34] EDIT reddit_clone/views/default/category_edit.html: 0
[2013-06-16 20:56:54] EDIT reddit_clone/views/default/news_create.html: 0
[2013-06-16 20:57:18] EDIT reddit_clone/views/default/category_create.html: 0
[2013-06-16 21:03:50] EDIT reddit_clone/models/menu.py: 2
[2013-06-16 21:50:08] EDIT reddit_clone/controllers/default.py: 47
[2013-06-16 21:50:14] EDIT reddit_clone/controllers/default.py: 0
[2013-06-16 21:58:42] EDIT reddit_clone/controllers/default.py: 0
