[2013-06-12 22:05:00] START
[2013-06-12 22:05:46] EDIT google_page/controllers/default.py: -47
[2013-06-12 22:05:56] EDIT google_page/controllers/default.py: -6
[2013-06-12 22:08:35] EDIT google_page/controllers/default.py: 2
[2013-06-12 22:10:22] EDIT google_page/controllers/default.py: 0
[2013-06-12 22:15:35] CREATE sim.py: 0
[2013-06-12 22:15:53] CREATE down.py: 0
[2013-06-12 22:19:52] EDIT google_page/controllers/down.py: 21
[2013-06-12 22:21:20] EDIT google_page/controllers/sim.py: 26
[2013-06-12 22:26:54] CREATE default/sim.html: 0
[2013-06-12 22:30:26] EDIT google_page/views/default/sim.html: 3
[2013-06-12 22:31:39] EDIT google_page/controllers/sim.py: 1
[2013-06-12 22:31:45] EDIT google_page/controllers/sim.py: 0
[2013-06-12 22:42:14] EDIT google_page/controllers/default.py: -1
[2013-06-12 22:42:33] EDIT google_page/views/default/index.html: 0
[2013-06-12 22:43:02] EDIT google_page/views/default/index.html: 0
[2013-06-12 22:46:35] EDIT google_page/views/default/index.html: -28
[2013-06-12 22:49:05] EDIT google_page/controllers/default.py: 0
[2013-06-12 22:51:43] EDIT google_page/controllers/default.py: 0
[2013-06-12 22:51:45] EDIT google_page/controllers/default.py: 0
[2013-06-12 22:57:55] EDIT google_page/controllers/default.py: 4
[2013-06-12 22:59:13] EDIT google_page/controllers/default.py: 0
[2013-06-12 23:00:30] EDIT google_page/controllers/default.py: 28
[2013-06-12 23:00:40] EDIT google_page/controllers/default.py: -1
[2013-06-12 23:03:39] EDIT google_page/controllers/default.py: -24
[2013-06-12 23:04:04] EDIT google_page/views/default/sim.html: 0
[2013-06-12 23:12:58] EDIT google_page/controllers/default.py: 1
[2013-06-12 23:13:16] EDIT google_page/views/default/sim.html: -1
[2013-06-12 23:15:20] EDIT google_page/controllers/default.py: 0
[2013-06-12 23:15:23] EDIT google_page/controllers/default.py: 0
[2013-06-12 23:17:55] CREATE sim.py: 0
[2013-06-12 23:18:24] EDIT google_page/modules/sim.py: 27
[2013-06-12 23:18:36] DELETE google_page/controllers/sim.py: -28
[2013-06-12 23:21:01] EDIT google_page/controllers/default.py: 0
[2013-06-12 23:22:56] EDIT google_page/controllers/default.py: 0
[2013-06-12 23:22:58] EDIT google_page/controllers/default.py: 0
[2013-06-13 20:28:51] EDIT google_page/views/default/sim.html: 0
